<?xml version="1.0" encoding="UTF-8"?>
<!-- Generated by org.testng.reporters.JUnitReportReporter -->
<testsuite hostname="Joys-MBP" failures="0" tests="2" name="testCases.StatringTest" time="43.013" errors="0" timestamp="2023-09-13T20:11:47 CDT" skipped="0">
  <testcase classname="testCases.StatringTest" name="gotoURL" time="41.756"/>
  <testcase classname="testCases.StatringTest" name="openChromeBrowser" time="1.257"/>
</testsuite> <!-- testCases.StatringTest -->
