<?xml version="1.0" encoding="UTF-8"?>
<!-- Generated by org.testng.reporters.JUnitReportReporter -->
<testsuite hostname="Joys-MacBook-Pro.local" failures="0" tests="1" name="testCases.TC1_Login_To_FirstPage" time="28.987" errors="0" timestamp="2023-09-28T00:11:20 CDT" skipped="0">
  <testcase classname="testCases.TC1_Login_To_FirstPage" name="verify_FirstPage_Login" time="28.987"/>
</testsuite> <!-- testCases.TC1_Login_To_FirstPage -->
