<?xml version="1.0" encoding="UTF-8"?>
<!-- Generated by org.testng.reporters.JUnitReportReporter -->
<testsuite hostname="Joys-MacBook-Pro.local" failures="0" tests="2" name="pelesProject.StatringTest" time="35.928" errors="0" timestamp="2023-09-08T11:46:52 CDT" skipped="0">
  <testcase classname="pelesProject.StatringTest" name="gotoURL" time="35.449"/>
  <testcase classname="pelesProject.StatringTest" name="openChromeBrowser" time="0.479"/>
</testsuite> <!-- pelesProject.StatringTest -->
