<?xml version="1.0" encoding="UTF-8"?>
<!-- Generated by org.testng.reporters.JUnitReportReporter -->
<testsuite hostname="LAPTOP-QLCG9M6I" failures="0" tests="1" name="testCases.TC1_Login_To_FirstPage" time="38.326" errors="0" timestamp="2023-09-28T11:51:43 BDT" skipped="0">
  <testcase classname="testCases.TC1_Login_To_FirstPage" name="verify_FirstPage_Login" time="38.326"/>
</testsuite> <!-- testCases.TC1_Login_To_FirstPage -->
